{
  "RSpec": {
    "coverage": {
      "/Users/benjaminrandolph/projects/pinbowl_wizard/app/controllers/application_controller.rb": {
        "lines": [
          0,
          null,
          0,
          0
        ],
        "branches": {}
      },
      "/Users/benjaminrandolph/projects/pinbowl_wizard/app/controllers/seasons_controller.rb": {
        "lines": [
          0,
          0,
          null,
          null,
          0,
          0,
          0,
          null,
          null,
          0,
          0,
          null,
          null,
          0,
          0,
          0,
          null,
          null,
          0,
          0,
          null,
          null,
          0,
          0,
          null,
          0,
          0,
          0,
          0,
          0,
          0,
          0,
          0,
          0,
          0,
          null,
          null,
          0,
          0,
          0,
          0,
          0,
          0,
          0,
          0,
          0,
          0,
          0,
          null,
          null,
          0,
          0,
          null,
          0,
          0,
          0,
          0,
          0,
          null,
          0,
          null,
          0,
          0,
          0,
          null,
          null,
          0,
          0,
          0,
          0
        ],
        "branches": {}
      },
      "/Users/benjaminrandolph/projects/pinbowl_wizard/app/helpers/application_helper.rb": {
        "lines": [
          0,
          0
        ],
        "branches": {}
      },
      "/Users/benjaminrandolph/projects/pinbowl_wizard/app/helpers/seasons_helper.rb": {
        "lines": [
          0,
          0
        ],
        "branches": {}
      },
      "/Users/benjaminrandolph/projects/pinbowl_wizard/app/models/application_record.rb": {
        "lines": [
          0,
          0,
          0
        ],
        "branches": {}
      },
      "/Users/benjaminrandolph/projects/pinbowl_wizard/app/models/season.rb": {
        "lines": [
          0,
          0
        ],
        "branches": {}
      }
    },
    "timestamp": 1738419867
  }
}
